#
# There is insufficient memory for the Java Runtime Environment to continue.
# Native memory allocation (mmap) failed to map 72876032 bytes for committing reserved memory.
# Possible reasons:
#   The system is out of physical RAM or swap space
#   In 32 bit mode, the process size limit was hit
# Possible solutions:
#   Reduce memory load on the system
#   Increase physical memory or swap space
#   Check if swap backing store is full
#   Use 64 bit Java on a 64 bit OS
#   Decrease Java heap size (-Xmx/-Xms)
#   Decrease number of Java threads
#   Decrease Java thread stack sizes (-Xss)
#   Set larger code cache with -XX:ReservedCodeCacheSize=
# This output file may be truncated or incomplete.
#
#  Out of Memory Error (os_linux.cpp:2627), pid=13594, tid=1674099520
#
# JRE version: Java(TM) SE Runtime Environment (8.0_66-b17) (build 1.8.0_66-b17)
# Java VM: Java HotSpot(TM) Server VM (25.66-b17 mixed mode linux-x86 )
# Failed to write core dump. Core dumps have been disabled. To enable core dumping, try "ulimit -c unlimited" before starting Java again
#

---------------  T H R E A D  ---------------

Current thread (0x63b81800):  VMThread [stack: 0x63c0b000,0x63c8c000] [id=13622]

Stack: [0x63c0b000,0x63c8c000],  sp=0x63c8a730,  free space=509k
Native frames: (J=compiled Java code, j=interpreted, Vv=VM code, C=native code)
V  [libjvm.so+0x8cd0ff]  VMError::report_and_die()+0x16f
V  [libjvm.so+0x38bee5]  report_vm_out_of_memory(char const*, int, unsigned int, VMErrorType, char const*)+0x55
V  [libjvm.so+0x750ed6]  os::Linux::commit_memory_impl(char*, unsigned int, bool)+0xe6
V  [libjvm.so+0x7513a8]  os::pd_commit_memory(char*, unsigned int, unsigned int, bool)+0x28
V  [libjvm.so+0x74b2cc]  os::commit_memory(char*, unsigned int, unsigned int, bool)+0x2c
V  [libjvm.so+0x7b58a8]  PSVirtualSpace::expand_by(unsigned int)+0x48
V  [libjvm.so+0x7b69aa]  PSYoungGen::resize_generation(unsigned int, unsigned int)+0xda
V  [libjvm.so+0x7b5cd9]  PSYoungGen::resize(unsigned int, unsigned int)+0x19
V  [libjvm.so+0x7b3605]  PSScavenge::invoke_no_policy()+0xd15
V  [libjvm.so+0x7b3dc8]  PSScavenge::invoke()+0x28
V  [libjvm.so+0x7728ba]  ParallelScavengeHeap::failed_mem_allocate(unsigned int)+0x5a
V  [libjvm.so+0x8cebca]  VM_ParallelGCFailedAllocation::doit()+0x7a
V  [libjvm.so+0x8d81d7]  VM_Operation::evaluate()+0x47
V  [libjvm.so+0x8d62b3]  VMThread::evaluate_operation(VM_Operation*)+0xb3
V  [libjvm.so+0x8d6650]  VMThread::loop()+0x1b0
V  [libjvm.so+0x8d6ab5]  VMThread::run()+0x85
V  [libjvm.so+0x753519]  java_start(Thread*)+0x119
C  [libpthread.so.0+0x61aa]  start_thread+0xda

VM_Operation (0x63358354): ParallelGCFailedAllocation, mode: safepoint, requested by thread 0x6321f800


---------------  P R O C E S S  ---------------

Java Threads: ( => current thread )
  0x63247800 JavaThread "pool-1-thread-4" [_thread_blocked, id=13677, stack(0x630bc000,0x6310d000)]
  0x63243c00 JavaThread "pool-1-thread-3" [_thread_blocked, id=13676, stack(0x6310d000,0x6315e000)]
  0x63242c00 JavaThread "pool-1-thread-2" [_thread_blocked, id=13675, stack(0x6315e000,0x631af000)]
  0x63220800 JavaThread "pool-2-thread-1" [_thread_blocked, id=13674, stack(0x631af000,0x63200000)]
  0x6321f800 JavaThread "pool-1-thread-1" [_thread_blocked, id=13673, stack(0x63309000,0x6335a000)]
  0x63bab800 JavaThread "Service Thread" daemon [_thread_blocked, id=13653, stack(0x633db000,0x6342c000)]
  0x63ba8400 JavaThread "C1 CompilerThread2" daemon [_thread_blocked, id=13648, stack(0x6342c000,0x634ad000)]
  0x63ba7000 JavaThread "C2 CompilerThread1" daemon [_thread_blocked, id=13647, stack(0x634ad000,0x6352e000)]
  0x63ba5000 JavaThread "C2 CompilerThread0" daemon [_thread_blocked, id=13640, stack(0x6352e000,0x635af000)]
  0x63ba3800 JavaThread "Signal Dispatcher" daemon [_thread_blocked, id=13634, stack(0x635af000,0x63600000)]
  0x63b86000 JavaThread "Finalizer" daemon [_thread_blocked, id=13627, stack(0x63a5e000,0x63aaf000)]
  0x63b84800 JavaThread "Reference Handler" daemon [_thread_blocked, id=13623, stack(0x63aaf000,0x63b00000)]
  0xb6507800 JavaThread "main" [_thread_blocked, id=13599, stack(0xb6672000,0xb66c3000)]

Other Threads:
=>0x63b81800 VMThread [stack: 0x63c0b000,0x63c8c000] [id=13622]
  0x63bbe800 WatcherThread [stack: 0x6335a000,0x633db000] [id=13654]

VM state:at safepoint (normal execution)

VM Mutex/Monitor currently owned by a thread:  ([mutex/lock_event])
[0xb6504ec0] Threads_lock - owner thread: 0x63b81800
[0xb65052d0] Heap_lock - owner thread: 0x6321f800

Heap:
 PSYoungGen      total 71168K, used 8698K [0x91ac0000, 0x969c0000, 0xa7000000)
  eden space 62464K, 0% used [0x91ac0000,0x91ac0000,0x957c0000)
  from space 8704K, 99% used [0x957c0000,0x9603e858,0x96040000)
  to   space 7680K, 0% used [0x96040000,0x96040000,0x967c0000)
 ParOldGen       total 42496K, used 19208K [0x67000000, 0x69980000, 0x91ac0000)
  object space 42496K, 45% used [0x67000000,0x682c2390,0x69980000)
 Metaspace       used 4125K, capacity 4134K, committed 4248K, reserved 4400K

Card table byte_map: [0x66dff000,0x67000000] byte_map_base: 0x66ac7000

Marking Bits: (ParMarkBitMap*) 0xb710e380
 Begin Bits: [0x64700000, 0x65700000)
 End Bits:   [0x65700000, 0x66700000)

Polling page: 0xb7722000

CodeCache: size=245760Kb used=7248Kb max_used=7248Kb free=238511Kb
 bounds [0xa74d8000, 0xa7bf0000, 0xb64d8000]
 total_blobs=2053 nmethods=1891 adapters=75
 compilation: enabled

Compilation events (10 events):
Event: 18.935 Thread 0x63ba8400 2032       1       com.android.dx.dex.file.OffsettedItem::getAlignment (5 bytes)
Event: 18.935 Thread 0x63ba8400 nmethod 2032 0xa7be9908 code [0xa7be9a00, 0xa7be9aa0]
Event: 18.981 Thread 0x63ba8400 2077       3       com.android.dx.rop.code.RegisterSpecSet::equals (106 bytes)
Event: 18.982 Thread 0x63ba8400 nmethod 2077 0xa7be9b08 code [0xa7be9c80, 0xa7bea2c4]
Event: 18.982 Thread 0x63ba8400 2078       3       com.android.dx.dex.code.RopTranslator::outputInstructions (69 bytes)
Event: 18.983 Thread 0x63ba8400 nmethod 2078 0xa7bea5c8 code [0xa7bea700, 0xa7beaa38]
Event: 18.983 Thread 0x63ba8400 2071       3       com.android.dx.ssa.back.LivenessAnalyzer::coInterferePhis (128 bytes)
Event: 19.013 Thread 0x63ba8400 nmethod 2071 0xa7beac08 code [0xa7beae60, 0xa7bebd00]
Event: 19.018 Thread 0x63ba5000 nmethod 2016 0xa7bede48 code [0xa7bee180, 0xa7beebfc]
Event: 20.063 Thread 0x63ba8400 2082       2       com.android.dx.ssa.MoveParamCombiner$1::visitNonMoveInsn (213 bytes)

GC Heap History (10 events):
Event: 11.266 GC heap after
Heap after GC invocations=2 (full 0):
 PSYoungGen      total 18432K, used 2550K [0x91ac0000, 0x93ec0000, 0xa7000000)
  eden space 15872K, 0% used [0x91ac0000,0x91ac0000,0x92a40000)
  from space 2560K, 99% used [0x92cc0000,0x92f3da80,0x92f40000)
  to   space 2560K, 0% used [0x92a40000,0x92a40000,0x92cc0000)
 ParOldGen       total 42496K, used 2573K [0x67000000, 0x69980000, 0x91ac0000)
  object space 42496K, 6% used [0x67000000,0x672834a8,0x69980000)
 Metaspace       used 3805K, capacity 3846K, committed 3864K, reserved 4400K
}
Event: 12.087 GC heap before
{Heap before GC invocations=3 (full 0):
 PSYoungGen      total 18432K, used 18422K [0x91ac0000, 0x93ec0000, 0xa7000000)
  eden space 15872K, 100% used [0x91ac0000,0x92a40000,0x92a40000)
  from space 2560K, 99% used [0x92cc0000,0x92f3da80,0x92f40000)
  to   space 2560K, 0% used [0x92a40000,0x92a40000,0x92cc0000)
 ParOldGen       total 42496K, used 2573K [0x67000000, 0x69980000, 0x91ac0000)
  object space 42496K, 6% used [0x67000000,0x672834a8,0x69980000)
 Metaspace       used 3867K, capacity 3878K, committed 3992K, reserved 4400K
Event: 12.104 GC heap after
Heap after GC invocations=3 (full 0):
 PSYoungGen      total 18432K, used 2547K [0x91ac0000, 0x93ec0000, 0xa7000000)
  eden space 15872K, 0% used [0x91ac0000,0x91ac0000,0x92a40000)
  from space 2560K, 99% used [0x92a40000,0x92cbcc70,0x92cc0000)
  to   space 2560K, 0% used [0x93c40000,0x93c40000,0x93ec0000)
 ParOldGen       total 42496K, used 4766K [0x67000000, 0x69980000, 0x91ac0000)
  object space 42496K, 11% used [0x67000000,0x674a7958,0x69980000)
 Metaspace       used 3867K, capacity 3878K, committed 3992K, reserved 4400K
}
Event: 15.623 GC heap before
{Heap before GC invocations=4 (full 0):
 PSYoungGen      total 18432K, used 18419K [0x91ac0000, 0x93ec0000, 0xa7000000)
  eden space 15872K, 100% used [0x91ac0000,0x92a40000,0x92a40000)
  from space 2560K, 99% used [0x92a40000,0x92cbcc70,0x92cc0000)
  to   space 2560K, 0% used [0x93c40000,0x93c40000,0x93ec0000)
 ParOldGen       total 42496K, used 4766K [0x67000000, 0x69980000, 0x91ac0000)
  object space 42496K, 11% used [0x67000000,0x674a7958,0x69980000)
 Metaspace       used 3997K, capacity 4038K, committed 4120K, reserved 4400K
Event: 15.699 GC heap after
Heap after GC invocations=4 (full 0):
 PSYoungGen      total 34304K, used 2559K [0x91ac0000, 0x93ec0000, 0xa7000000)
  eden space 31744K, 0% used [0x91ac0000,0x91ac0000,0x939c0000)
  from space 2560K, 99% used [0x93c40000,0x93ebfef0,0x93ec0000)
  to   space 2560K, 0% used [0x939c0000,0x939c0000,0x93c40000)
 ParOldGen       total 42496K, used 7187K [0x67000000, 0x69980000, 0x91ac0000)
  object space 42496K, 16% used [0x67000000,0x67704d90,0x69980000)
 Metaspace       used 3997K, capacity 4038K, committed 4120K, reserved 4400K
}
Event: 16.642 GC heap before
{Heap before GC invocations=5 (full 0):
 PSYoungGen      total 34304K, used 34303K [0x91ac0000, 0x93ec0000, 0xa7000000)
  eden space 31744K, 100% used [0x91ac0000,0x939c0000,0x939c0000)
  from space 2560K, 99% used [0x93c40000,0x93ebfef0,0x93ec0000)
  to   space 2560K, 0% used [0x939c0000,0x939c0000,0x93c40000)
 ParOldGen       total 42496K, used 7187K [0x67000000, 0x69980000, 0x91ac0000)
  object space 42496K, 16% used [0x67000000,0x67704d90,0x69980000)
 Metaspace       used 4031K, capacity 4070K, committed 4120K, reserved 4400K
Event: 16.689 GC heap after
Heap after GC invocations=5 (full 0):
 PSYoungGen      total 34304K, used 2546K [0x91ac0000, 0x967c0000, 0xa7000000)
  eden space 31744K, 0% used [0x91ac0000,0x91ac0000,0x939c0000)
  from space 2560K, 99% used [0x939c0000,0x93c3cad0,0x93c40000)
  to   space 7680K, 0% used [0x96040000,0x96040000,0x967c0000)
 ParOldGen       total 42496K, used 12127K [0x67000000, 0x69980000, 0x91ac0000)
  object space 42496K, 28% used [0x67000000,0x67bd7cd0,0x69980000)
 Metaspace       used 4031K, capacity 4070K, committed 4120K, reserved 4400K
}
Event: 17.366 GC heap before
{Heap before GC invocations=6 (full 0):
 PSYoungGen      total 34304K, used 34290K [0x91ac0000, 0x967c0000, 0xa7000000)
  eden space 31744K, 100% used [0x91ac0000,0x939c0000,0x939c0000)
  from space 2560K, 99% used [0x939c0000,0x93c3cad0,0x93c40000)
  to   space 7680K, 0% used [0x96040000,0x96040000,0x967c0000)
 ParOldGen       total 42496K, used 12127K [0x67000000, 0x69980000, 0x91ac0000)
  object space 42496K, 28% used [0x67000000,0x67bd7cd0,0x69980000)
 Metaspace       used 4043K, capacity 4070K, committed 4120K, reserved 4400K
Event: 17.404 GC heap after
Heap after GC invocations=6 (full 0):
 PSYoungGen      total 70144K, used 7369K [0x91ac0000, 0x969c0000, 0xa7000000)
  eden space 62464K, 0% used [0x91ac0000,0x91ac0000,0x957c0000)
  from space 7680K, 95% used [0x96040000,0x96772418,0x967c0000)
  to   space 8704K, 0% used [0x957c0000,0x957c0000,0x96040000)
 ParOldGen       total 42496K, used 12127K [0x67000000, 0x69980000, 0x91ac0000)
  object space 42496K, 28% used [0x67000000,0x67bd7cd0,0x69980000)
 Metaspace       used 4043K, capacity 4070K, committed 4120K, reserved 4400K
}
Event: 20.105 GC heap before
{Heap before GC invocations=7 (full 0):
 PSYoungGen      total 70144K, used 69833K [0x91ac0000, 0x969c0000, 0xa7000000)
  eden space 62464K, 100% used [0x91ac0000,0x957c0000,0x957c0000)
  from space 7680K, 95% used [0x96040000,0x96772418,0x967c0000)
  to   space 8704K, 0% used [0x957c0000,0x957c0000,0x96040000)
 ParOldGen       total 42496K, used 12127K [0x67000000, 0x69980000, 0x91ac0000)
  object space 42496K, 28% used [0x67000000,0x67bd7cd0,0x69980000)
 Metaspace       used 4125K, capacity 4134K, committed 4248K, reserved 4400K

Deoptimization events (10 events):
Event: 17.763 Thread 0x63243c00 Uncommon trap: reason=unstable_if action=reinterpret pc=0xa7b61cec method=com.android.dx.ssa.SCCP.simulateStmt(Lcom/android/dx/ssa/SsaInsn;)V @ 59
Event: 17.851 Thread 0x6321f800 Uncommon trap: reason=bimorphic action=maybe_recompile pc=0xa78db4ac method=com.android.dx.ssa.LiteralOpUpgrader.tryReplacingWithConstant(Lcom/android/dx/ssa/NormalSsaInsn;)Z @ 62
Event: 17.870 Thread 0x63242c00 Uncommon trap: reason=unstable_if action=reinterpret pc=0xa7a721e0 method=com.android.dx.ssa.InterferenceRegisterMapper.interferes(III)Z @ 69
Event: 17.900 Thread 0x63243c00 Uncommon trap: reason=bimorphic action=maybe_recompile pc=0xa788f2ec method=java.util.HashMap.putVal(ILjava/lang/Object;Ljava/lang/Object;ZZ)Ljava/lang/Object; @ 203
Event: 17.900 Thread 0x63243c00 Uncommon trap: reason=bimorphic action=maybe_recompile pc=0xa788f2ec method=java.util.HashMap.putVal(ILjava/lang/Object;Ljava/lang/Object;ZZ)Ljava/lang/Object; @ 203
Event: 17.904 Thread 0x63243c00 Uncommon trap: reason=unstable_if action=reinterpret pc=0xa76de09c method=java.util.HashMap.putVal(ILjava/lang/Object;Ljava/lang/Object;ZZ)Ljava/lang/Object; @ 162
Event: 18.895 Thread 0xb6507800 Uncommon trap: reason=bimorphic action=maybe_recompile pc=0xa78db4ac method=com.android.dx.ssa.LiteralOpUpgrader.tryReplacingWithConstant(Lcom/android/dx/ssa/NormalSsaInsn;)Z @ 62
Event: 18.923 Thread 0x63243c00 Uncommon trap: reason=unstable_if action=reinterpret pc=0xa7664c7c method=java.util.HashMap.getNode(ILjava/lang/Object;)Ljava/util/HashMap$Node; @ 84
Event: 18.927 Thread 0x63247800 Uncommon trap: reason=unstable_if action=reinterpret pc=0xa788f2cc method=java.util.HashMap.putVal(ILjava/lang/Object;Ljava/lang/Object;ZZ)Ljava/lang/Object; @ 162
Event: 18.993 Thread 0xb6507800 Uncommon trap: reason=unstable_if action=reinterpret pc=0xa78a8b44 method=com.android.dx.ssa.MoveParamCombiner$1.visitNonMoveInsn(Lcom/android/dx/ssa/NormalSsaInsn;)V @ 27

Internal exceptions (6 events):
Event: 5.881 Thread 0xb6507800 Exception <a 'java/lang/NoSuchMethodError': Method sun.misc.Unsafe.defineClass(Ljava/lang/String;[BII)Ljava/lang/Class; name or signature does not match> (0x91ad0540) thrown at [/HUDSON/workspace/8-2-build-linux-i586/jdk8u66/4988/hotspot/src/share/vm/prim
Event: 5.881 Thread 0xb6507800 Exception <a 'java/lang/NoSuchMethodError': Method sun.misc.Unsafe.prefetchRead(Ljava/lang/Object;J)V name or signature does not match> (0x91ad0810) thrown at [/HUDSON/workspace/8-2-build-linux-i586/jdk8u66/4988/hotspot/src/share/vm/prims/jni.cpp, line 39
Event: 14.256 Thread 0x6321f800 Implicit null exception at 0xa770e7bf to 0xa7710ab5
Event: 18.661 Thread 0x63243c00 Exception <a 'java/lang/ArrayIndexOutOfBoundsException': 18> (0x93f5e0d8) thrown at [/HUDSON/workspace/8-2-build-linux-i586/jdk8u66/4988/hotspot/src/share/vm/interpreter/interpreterRuntime.cpp, line 366]
Event: 18.662 Thread 0x63243c00 Exception <a 'java/lang/ArrayIndexOutOfBoundsException': 145> (0x93f5f978) thrown at [/HUDSON/workspace/8-2-build-linux-i586/jdk8u66/4988/hotspot/src/share/vm/interpreter/interpreterRuntime.cpp, line 366]
Event: 18.853 Thread 0x63243c00 Exception <a 'java/lang/ArrayIndexOutOfBoundsException'> (0x93f60a58) thrown at [/HUDSON/workspace/8-2-build-linux-i586/jdk8u66/4988/hotspot/src/share/vm/runtime/sharedRuntime.cpp, line 605]

Events (10 events):
Event: 18.965 Thread 0x63247800 DEOPT PACKING pc=0xa77923f6 sp=0x6310b860
Event: 18.965 Thread 0x63247800 DEOPT UNPACKING pc=0xa7514590 sp=0x6310b6f0 mode 0
Event: 18.977 Thread 0x63243c00 DEOPT PACKING pc=0xa77a934d sp=0x6315c850
Event: 18.977 Thread 0x63243c00 DEOPT UNPACKING pc=0xa7514590 sp=0x6315c70c mode 0
Event: 18.993 Thread 0xb6507800 Uncommon trap: trap_request=0xffffff65 fr.pc=0xa78a8b44
Event: 18.993 Thread 0xb6507800 DEOPT PACKING pc=0xa78a8b44 sp=0xb66c1560
Event: 18.993 Thread 0xb6507800 DEOPT UNPACKING pc=0xa7512e55 sp=0xb66c1514 mode 2
Event: 19.005 Thread 0x63243c00 DEOPT PACKING pc=0xa77a3a73 sp=0x6315c870
Event: 19.005 Thread 0x63243c00 DEOPT UNPACKING pc=0xa7514590 sp=0x6315c710 mode 0
Event: 19.069 Executing VM operation: ParallelGCFailedAllocation


Dynamic libraries:
08048000-08049000 r-xp 00000000 08:05 5505841    /usr/lib/jvm/java-8-oracle/bin/java
08049000-0804a000 rw-p 00000000 08:05 5505841    /usr/lib/jvm/java-8-oracle/bin/java
09205000-09227000 rw-p 00000000 00:00 0          [heap]
61100000-611d1000 rw-p 00000000 00:00 0 
611d1000-61200000 ---p 00000000 00:00 0 
61300000-613f5000 rw-p 00000000 00:00 0 
613f5000-61400000 ---p 00000000 00:00 0 
61500000-615fc000 rw-p 00000000 00:00 0 
615fc000-61600000 ---p 00000000 00:00 0 
61700000-617e1000 rw-p 00000000 00:00 0 
617e1000-61800000 ---p 00000000 00:00 0 
61900000-619fa000 rw-p 00000000 00:00 0 
619fa000-61a00000 ---p 00000000 00:00 0 
61b00000-61beb000 rw-p 00000000 00:00 0 
61beb000-61c00000 ---p 00000000 00:00 0 
61c00000-61cfe000 rw-p 00000000 00:00 0 
61cfe000-61d00000 ---p 00000000 00:00 0 
61d00000-61df8000 rw-p 00000000 00:00 0 
61df8000-61e00000 ---p 00000000 00:00 0 
61f00000-61fb1000 rw-p 00000000 00:00 0 
61fb1000-62000000 ---p 00000000 00:00 0 
62000000-620eb000 rw-p 00000000 00:00 0 
620eb000-62100000 ---p 00000000 00:00 0 
62100000-62200000 rw-p 00000000 00:00 0 
62300000-623fe000 rw-p 00000000 00:00 0 
623fe000-62400000 ---p 00000000 00:00 0 
62400000-624fd000 rw-p 00000000 00:00 0 
624fd000-62500000 ---p 00000000 00:00 0 
62500000-62600000 rw-p 00000000 00:00 0 
62600000-626f9000 rw-p 00000000 00:00 0 
626f9000-62700000 ---p 00000000 00:00 0 
62700000-627f3000 rw-p 00000000 00:00 0 
627f3000-62800000 ---p 00000000 00:00 0 
62800000-628f4000 rw-p 00000000 00:00 0 
628f4000-62900000 ---p 00000000 00:00 0 
62900000-629fe000 rw-p 00000000 00:00 0 
629fe000-62a00000 ---p 00000000 00:00 0 
62b00000-62cfa000 rw-p 00000000 00:00 0 
62cfa000-62d00000 ---p 00000000 00:00 0 
62d00000-62de1000 rw-p 00000000 00:00 0 
62de1000-62e00000 ---p 00000000 00:00 0 
62e00000-62efc000 rw-p 00000000 00:00 0 
62efc000-62f00000 ---p 00000000 00:00 0 
62f00000-62ffa000 rw-p 00000000 00:00 0 
62ffa000-63000000 ---p 00000000 00:00 0 
630bc000-630bf000 ---p 00000000 00:00 0 
630bf000-6310d000 rw-p 00000000 00:00 0          [stack:13677]
6310d000-63110000 ---p 00000000 00:00 0 
63110000-6315e000 rw-p 00000000 00:00 0          [stack:13676]
6315e000-63161000 ---p 00000000 00:00 0 
63161000-631af000 rw-p 00000000 00:00 0          [stack:13675]
631af000-631b2000 ---p 00000000 00:00 0 
631b2000-63200000 rw-p 00000000 00:00 0          [stack:13674]
63200000-63271000 rw-p 00000000 00:00 0 
63271000-63300000 ---p 00000000 00:00 0 
63309000-6330c000 ---p 00000000 00:00 0 
6330c000-6335a000 rw-p 00000000 00:00 0          [stack:13673]
6335a000-6335b000 ---p 00000000 00:00 0 
6335b000-633db000 rw-p 00000000 00:00 0          [stack:13654]
633db000-633de000 ---p 00000000 00:00 0 
633de000-6342c000 rw-p 00000000 00:00 0          [stack:13653]
6342c000-6342f000 ---p 00000000 00:00 0 
6342f000-634ad000 rw-p 00000000 00:00 0          [stack:13648]
634ad000-634b0000 ---p 00000000 00:00 0 
634b0000-6352e000 rw-p 00000000 00:00 0          [stack:13647]
6352e000-63531000 ---p 00000000 00:00 0 
63531000-635af000 rw-p 00000000 00:00 0          [stack:13640]
635af000-635b2000 ---p 00000000 00:00 0 
635b2000-63600000 rw-p 00000000 00:00 0          [stack:13634]
63600000-63800000 r--p 00000000 08:05 4910648    /usr/lib/locale/locale-archive
63800000-63821000 rw-p 00000000 00:00 0 
63821000-63900000 ---p 00000000 00:00 0 
63900000-639fd000 rw-p 00000000 00:00 0 
639fd000-63a00000 ---p 00000000 00:00 0 
63a1d000-63a5e000 r--p 00858000 08:05 4910648    /usr/lib/locale/locale-archive
63a5e000-63a61000 ---p 00000000 00:00 0 
63a61000-63aaf000 rw-p 00000000 00:00 0          [stack:13627]
63aaf000-63ab2000 ---p 00000000 00:00 0 
63ab2000-63b00000 rw-p 00000000 00:00 0          [stack:13623]
63b00000-63bfa000 rw-p 00000000 00:00 0 
63bfa000-63c00000 ---p 00000000 00:00 0 
63c0b000-63c0c000 ---p 00000000 00:00 0 
63c0c000-63cdb000 rw-p 00000000 00:00 0          [stack:13622]
63cdb000-63eb4000 r--s 03d20000 08:05 5506184    /usr/lib/jvm/java-8-oracle/jre/lib/rt.jar
63eb4000-642da000 rw-p 00000000 00:00 0 
642da000-64300000 ---p 00000000 00:00 0 
64300000-66700000 rw-p 00000000 00:00 0 
66700000-667fd000 rw-p 00000000 00:00 0 
667fd000-66800000 ---p 00000000 00:00 0 
66824000-6687f000 rw-p 00000000 00:00 0 
6687f000-66880000 ---p 00000000 00:00 0 
66880000-66900000 rw-p 00000000 00:00 0          [stack:13614]
66900000-66921000 rw-p 00000000 00:00 0 
66921000-66a00000 ---p 00000000 00:00 0 
66a00000-66b00000 rw-p 00000000 00:00 0 
66b00000-66b21000 rw-p 00000000 00:00 0 
66b21000-66c00000 ---p 00000000 00:00 0 
66c10000-66c28000 rw-p 00000000 00:00 0 
66c28000-66c29000 ---p 00000000 00:00 0 
66c29000-66cbe000 rw-p 00000000 00:00 0          [stack:13613]
66cbe000-66dff000 ---p 00000000 00:00 0 
66dff000-66e14000 rw-p 00000000 00:00 0 
66e14000-66f54000 ---p 00000000 00:00 0 
66f54000-66f7c000 rw-p 00000000 00:00 0 
66f7c000-66fff000 ---p 00000000 00:00 0 
66fff000-69980000 rw-p 00000000 00:00 0 
69980000-91ac0000 ---p 00000000 00:00 0 
91ac0000-969c0000 rw-p 00000000 00:00 0 
9ada5000-9af40000 rw-p 00000000 00:00 0 
9af40000-a7000000 ---p 00000000 00:00 0 
a700d000-a7016000 r--s 0008c000 08:05 2065221    /home/hamid/AndroidStudioProjects/CareTaker/app/build/intermediates/exploded-aar/com.android.support/appcompat-v7/23.4.0/jars/classes.jar
a7016000-a7017000 ---p 00000000 00:00 0 
a7017000-a7097000 rw-p 00000000 00:00 0          [stack:13611]
a7097000-a7098000 ---p 00000000 00:00 0 
a7098000-a7135000 rw-p 00000000 00:00 0          [stack:13608]
a7135000-a74d8000 ---p 00000000 00:00 0 
a74d8000-a7bf0000 rwxp 00000000 00:00 0 
a7bf0000-b64d8000 ---p 00000000 00:00 0 
b64d8000-b64f1000 r-xp 00000000 08:05 5506137    /usr/lib/jvm/java-8-oracle/jre/lib/i386/libzip.so
b64f1000-b64f2000 rw-p 00019000 08:05 5506137    /usr/lib/jvm/java-8-oracle/jre/lib/i386/libzip.so
b64f2000-b64fe000 r-xp 00000000 08:05 5555388    /lib/i386-linux-gnu/libnss_files-2.21.so
b64fe000-b64ff000 r--p 0000b000 08:05 5555388    /lib/i386-linux-gnu/libnss_files-2.21.so
b64ff000-b6500000 rw-p 0000c000 08:05 5555388    /lib/i386-linux-gnu/libnss_files-2.21.so
b6500000-b65fb000 rw-p 00000000 00:00 0 
b65fb000-b6600000 ---p 00000000 00:00 0 
b6603000-b660e000 r-xp 00000000 08:05 5555398    /lib/i386-linux-gnu/libnss_nis-2.21.so
b660e000-b660f000 r--p 0000a000 08:05 5555398    /lib/i386-linux-gnu/libnss_nis-2.21.so
b660f000-b6610000 rw-p 0000b000 08:05 5555398    /lib/i386-linux-gnu/libnss_nis-2.21.so
b6610000-b6627000 r-xp 00000000 08:05 5555382    /lib/i386-linux-gnu/libnsl-2.21.so
b6627000-b6628000 r--p 00016000 08:05 5555382    /lib/i386-linux-gnu/libnsl-2.21.so
b6628000-b6629000 rw-p 00017000 08:05 5555382    /lib/i386-linux-gnu/libnsl-2.21.so
b6629000-b662d000 rw-p 00000000 00:00 0 
b662d000-b663c000 r--s 000df000 08:05 1909668    /home/hamid/Android/Sdk/build-tools/23.0.2/lib/dx.jar
b663c000-b6644000 rw-s 00000000 08:05 3588403    /tmp/hsperfdata_hamid/13594
b6644000-b6668000 r-xp 00000000 08:05 5506132    /usr/lib/jvm/java-8-oracle/jre/lib/i386/libjava.so
b6668000-b6669000 rw-p 00023000 08:05 5506132    /usr/lib/jvm/java-8-oracle/jre/lib/i386/libjava.so
b6669000-b6670000 r-xp 00000000 08:05 5555443    /lib/i386-linux-gnu/librt-2.21.so
b6670000-b6671000 r--p 00006000 08:05 5555443    /lib/i386-linux-gnu/librt-2.21.so
b6671000-b6672000 rw-p 00007000 08:05 5555443    /lib/i386-linux-gnu/librt-2.21.so
b6672000-b6675000 ---p 00000000 00:00 0 
b6675000-b66c3000 rw-p 00000000 00:00 0          [stack:13599]
b66c3000-b670e000 r-xp 00000000 08:05 5555361    /lib/i386-linux-gnu/libm-2.21.so
b670e000-b670f000 r--p 0004a000 08:05 5555361    /lib/i386-linux-gnu/libm-2.21.so
b670f000-b6710000 rw-p 0004b000 08:05 5555361    /lib/i386-linux-gnu/libm-2.21.so
b6710000-b7090000 r-xp 00000000 08:05 5506117    /usr/lib/jvm/java-8-oracle/jre/lib/i386/server/libjvm.so
b7090000-b70fd000 rw-p 00980000 08:05 5506117    /usr/lib/jvm/java-8-oracle/jre/lib/i386/server/libjvm.so
b70fd000-b7523000 rw-p 00000000 00:00 0 
b7523000-b76d7000 r-xp 00000000 08:05 5555302    /lib/i386-linux-gnu/libc-2.21.so
b76d7000-b76da000 r--p 001b3000 08:05 5555302    /lib/i386-linux-gnu/libc-2.21.so
b76da000-b76dc000 rw-p 001b6000 08:05 5555302    /lib/i386-linux-gnu/libc-2.21.so
b76dc000-b76de000 rw-p 00000000 00:00 0 
b76de000-b76e1000 r-xp 00000000 08:05 5555319    /lib/i386-linux-gnu/libdl-2.21.so
b76e1000-b76e2000 r--p 00002000 08:05 5555319    /lib/i386-linux-gnu/libdl-2.21.so
b76e2000-b76e3000 rw-p 00003000 08:05 5555319    /lib/i386-linux-gnu/libdl-2.21.so
b76e3000-b76e4000 rw-p 00000000 00:00 0 
b76e4000-b76f8000 r-xp 00000000 08:05 5498673    /usr/lib/jvm/java-8-oracle/lib/i386/jli/libjli.so
b76f8000-b76f9000 rw-p 00014000 08:05 5498673    /usr/lib/jvm/java-8-oracle/lib/i386/jli/libjli.so
b76f9000-b7712000 r-xp 00000000 08:05 5555435    /lib/i386-linux-gnu/libpthread-2.21.so
b7712000-b7713000 r--p 00018000 08:05 5555435    /lib/i386-linux-gnu/libpthread-2.21.so
b7713000-b7714000 rw-p 00019000 08:05 5555435    /lib/i386-linux-gnu/libpthread-2.21.so
b7714000-b7716000 rw-p 00000000 00:00 0 
b7716000-b7717000 r--p 005e0000 08:05 4910648    /usr/lib/locale/locale-archive
b7717000-b771f000 r-xp 00000000 08:05 5555384    /lib/i386-linux-gnu/libnss_compat-2.21.so
b771f000-b7720000 r--p 00007000 08:05 5555384    /lib/i386-linux-gnu/libnss_compat-2.21.so
b7720000-b7721000 rw-p 00008000 08:05 5555384    /lib/i386-linux-gnu/libnss_compat-2.21.so
b7721000-b7722000 rw-p 00000000 00:00 0 
b7722000-b7723000 ---p 00000000 00:00 0 
b7723000-b772e000 r-xp 00000000 08:05 5506083    /usr/lib/jvm/java-8-oracle/jre/lib/i386/libverify.so
b772e000-b772f000 rw-p 0000b000 08:05 5506083    /usr/lib/jvm/java-8-oracle/jre/lib/i386/libverify.so
b772f000-b7731000 rw-p 00000000 00:00 0 
b7731000-b7733000 r--p 00000000 00:00 0          [vvar]
b7733000-b7734000 r-xp 00000000 00:00 0          [vdso]
b7734000-b7756000 r-xp 00000000 08:05 5555274    /lib/i386-linux-gnu/ld-2.21.so
b7756000-b7757000 r--p 00021000 08:05 5555274    /lib/i386-linux-gnu/ld-2.21.so
b7757000-b7758000 rw-p 00022000 08:05 5555274    /lib/i386-linux-gnu/ld-2.21.so
bf92c000-bf92d000 rwxp 00000000 00:00 0 
bf95f000-bf980000 rw-p 00000000 00:00 0          [stack]

VM Arguments:
jvm_args: -Djava.awt.headless=true -Xmx1024M -Dfile.encoding=UTF-8 -Duser.country=US -Duser.language=en -Duser.variant 
java_command: com.android.dx.command.Main --dex --num-threads=4 --output /home/hamid/AndroidStudioProjects/CareTaker/app/build/intermediates/pre-dexed/debug/com.android.support-appcompat-v7-23.4.0_cb0e524b781c68ca4c09d5bcd01c7301c028d5da.jar /home/hamid/AndroidStudioProjects/CareTaker/app/build/intermediates/exploded-aar/com.android.support/appcompat-v7/23.4.0/jars/classes.jar
java_class_path (initial): /home/hamid/Android/Sdk/build-tools/23.0.2/lib/dx.jar
Launcher Type: SUN_STANDARD

Environment Variables:
PATH=/usr/local/sbin:/usr/local/bin:/usr/sbin:/usr/bin:/sbin:/bin:/usr/games:/usr/local/games:/home/hamid/Android/Sdk/platform-tools
SHELL=/bin/bash
DISPLAY=:0

Signal Handlers:
SIGSEGV: [libjvm.so+0x8cdc10], sa_mask[0]=11111111011111111101111111111110, sa_flags=SA_RESTART|SA_SIGINFO
SIGBUS: [libjvm.so+0x8cdc10], sa_mask[0]=11111111011111111101111111111110, sa_flags=SA_RESTART|SA_SIGINFO
SIGFPE: [libjvm.so+0x74dbb0], sa_mask[0]=11111111011111111101111111111110, sa_flags=SA_RESTART|SA_SIGINFO
SIGPIPE: [libjvm.so+0x74dbb0], sa_mask[0]=11111111011111111101111111111110, sa_flags=SA_RESTART|SA_SIGINFO
SIGXFSZ: [libjvm.so+0x74dbb0], sa_mask[0]=11111111011111111101111111111110, sa_flags=SA_RESTART|SA_SIGINFO
SIGILL: [libjvm.so+0x74dbb0], sa_mask[0]=11111111011111111101111111111110, sa_flags=SA_RESTART|SA_SIGINFO
SIGUSR1: SIG_DFL, sa_mask[0]=00000000000000000000000000000000, sa_flags=none
SIGUSR2: [libjvm.so+0x74f230], sa_mask[0]=00100000000000000000000000000000, sa_flags=SA_RESTART|SA_SIGINFO
SIGHUP: [libjvm.so+0x7506e0], sa_mask[0]=11111111011111111101111111111110, sa_flags=SA_RESTART|SA_SIGINFO
SIGINT: [libjvm.so+0x7506e0], sa_mask[0]=11111111011111111101111111111110, sa_flags=SA_RESTART|SA_SIGINFO
SIGTERM: [libjvm.so+0x7506e0], sa_mask[0]=11111111011111111101111111111110, sa_flags=SA_RESTART|SA_SIGINFO
SIGQUIT: [libjvm.so+0x7506e0], sa_mask[0]=11111111011111111101111111111110, sa_flags=SA_RESTART|SA_SIGINFO


---------------  S Y S T E M  ---------------

OS:DISTRIB_ID=Ubuntu
DISTRIB_RELEASE=15.04
DISTRIB_CODENAME=vivid
DISTRIB_DESCRIPTION="Ubuntu 15.04"

uname:Linux 3.19.0-42-generic #48-Ubuntu SMP Thu Dec 17 22:55:02 UTC 2015 i686
libc:glibc 2.21 NPTL 2.21 
rlimit: STACK 8192k, CORE 0k, NPROC 31311, NOFILE 65536, AS infinity
load average:11.68 5.66 2.69

/proc/meminfo:
MemTotal:        4028792 kB
MemFree:          294760 kB
MemAvailable:     251816 kB
Buffers:            3020 kB
Cached:           504824 kB
SwapCached:            0 kB
Active:          3177184 kB
Inactive:         432384 kB
Active(anon):    3151220 kB
Inactive(anon):   384292 kB
Active(file):      25964 kB
Inactive(file):    48092 kB
Unevictable:          68 kB
Mlocked:              68 kB
HighTotal:       3175176 kB
HighFree:          93376 kB
LowTotal:         853616 kB
LowFree:          201384 kB
SwapTotal:             0 kB
SwapFree:              0 kB
Dirty:              3552 kB
Writeback:             0 kB
AnonPages:       3102300 kB
Mapped:           301624 kB
Shmem:            433280 kB
Slab:              52368 kB
SReclaimable:      26116 kB
SUnreclaim:        26252 kB
KernelStack:        5504 kB
PageTables:        23500 kB
NFS_Unstable:          0 kB
Bounce:              468 kB
WritebackTmp:          0 kB
CommitLimit:     2014396 kB
Committed_AS:    8152264 kB
VmallocTotal:     122880 kB
VmallocUsed:       18436 kB
VmallocChunk:      27832 kB
AnonHugePages:   1300480 kB
CmaTotal:              0 kB
CmaFree:               0 kB
HugePages_Total:       0
HugePages_Free:        0
HugePages_Rsvd:        0
HugePages_Surp:        0
Hugepagesize:       2048 kB
DirectMap4k:       77816 kB
DirectMap2M:      835584 kB


CPU:total 4 (2 cores per cpu, 2 threads per core) family 6 model 69 stepping 1, cmov, cx8, fxsr, mmx, sse, sse2, sse3, ssse3, sse4.1, sse4.2, popcnt, avx, avx2, aes, clmul, erms, lzcnt, ht, tsc, tscinvbit, bmi1, bmi2

/proc/cpuinfo:
processor	: 0
vendor_id	: GenuineIntel
cpu family	: 6
model		: 69
model name	: Intel(R) Core(TM) i3-4030U CPU @ 1.90GHz
stepping	: 1
microcode	: 0x17
cpu MHz		: 1791.789
cache size	: 3072 KB
physical id	: 0
siblings	: 4
core id		: 0
cpu cores	: 2
apicid		: 0
initial apicid	: 0
fdiv_bug	: no
f00f_bug	: no
coma_bug	: no
fpu		: yes
fpu_exception	: yes
cpuid level	: 13
wp		: yes
flags		: fpu vme de pse tsc msr pae mce cx8 apic sep mtrr pge mca cmov pat pse36 clflush dts acpi mmx fxsr sse sse2 ss ht tm pbe nx pdpe1gb rdtscp lm constant_tsc arch_perfmon pebs bts xtopology nonstop_tsc aperfmperf eagerfpu pni pclmulqdq dtes64 monitor ds_cpl vmx est tm2 ssse3 fma cx16 xtpr pdcm pcid sse4_1 sse4_2 x2apic movbe popcnt tsc_deadline_timer aes xsave avx f16c rdrand lahf_lm abm arat epb pln pts dtherm tpr_shadow vnmi flexpriority ept vpid fsgsbase tsc_adjust bmi1 avx2 smep bmi2 erms invpcid xsaveopt
bugs		:
bogomips	: 3791.10
clflush size	: 64
cache_alignment	: 64
address sizes	: 39 bits physical, 48 bits virtual
power management:

processor	: 1
vendor_id	: GenuineIntel
cpu family	: 6
model		: 69
model name	: Intel(R) Core(TM) i3-4030U CPU @ 1.90GHz
stepping	: 1
microcode	: 0x17
cpu MHz		: 1796.242
cache size	: 3072 KB
physical id	: 0
siblings	: 4
core id		: 0
cpu cores	: 2
apicid		: 1
initial apicid	: 1
fdiv_bug	: no
f00f_bug	: no
coma_bug	: no
fpu		: yes
fpu_exception	: yes
cpuid level	: 13
wp		: yes
flags		: fpu vme de pse tsc msr pae mce cx8 apic sep mtrr pge mca cmov pat pse36 clflush dts acpi mmx fxsr sse sse2 ss ht tm pbe nx pdpe1gb rdtscp lm constant_tsc arch_perfmon pebs bts xtopology nonstop_tsc aperfmperf eagerfpu pni pclmulqdq dtes64 monitor ds_cpl vmx est tm2 ssse3 fma cx16 xtpr pdcm pcid sse4_1 sse4_2 x2apic movbe popcnt tsc_deadline_timer aes xsave avx f16c rdrand lahf_lm abm arat epb pln pts dtherm tpr_shadow vnmi flexpriority ept vpid fsgsbase tsc_adjust bmi1 avx2 smep bmi2 erms invpcid xsaveopt
bugs		:
bogomips	: 3791.10
clflush size	: 64
cache_alignment	: 64
address sizes	: 39 bits physical, 48 bits virtual
power management:

processor	: 2
vendor_id	: GenuineIntel
cpu family	: 6
model		: 69
model name	: Intel(R) Core(TM) i3-4030U CPU @ 1.90GHz
stepping	: 1
microcode	: 0x17
cpu MHz		: 1732.339
cache size	: 3072 KB
physical id	: 0
siblings	: 4
core id		: 1
cpu cores	: 2
apicid		: 2
initial apicid	: 2
fdiv_bug	: no
f00f_bug	: no
coma_bug	: no
fpu		: yes
fpu_exception	: yes
cpuid level	: 13
wp		: yes
flags		: fpu vme de pse tsc msr pae mce cx8 apic sep mtrr pge mca cmov pat pse36 clflush dts acpi mmx fxsr sse sse2 ss ht tm pbe nx pdpe1gb rdtscp lm constant_tsc arch_perfmon pebs bts xtopology nonstop_tsc aperfmperf eagerfpu pni pclmulqdq dtes64 monitor ds_cpl vmx est tm2 ssse3 fma cx16 xtpr pdcm pcid sse4_1 sse4_2 x2apic movbe popcnt tsc_deadline_timer aes xsave avx f16c rdrand lahf_lm abm arat epb pln pts dtherm tpr_shadow vnmi flexpriority ept vpid fsgsbase tsc_adjust bmi1 avx2 smep bmi2 erms invpcid xsaveopt
bugs		:
bogomips	: 3791.10
clflush size	: 64
cache_alignment	: 64
address sizes	: 39 bits physical, 48 bits virtual
power management:

processor	: 3
vendor_id	: GenuineIntel
cpu family	: 6
model		: 69
model name	: Intel(R) Core(TM) i3-4030U CPU @ 1.90GHz
stepping	: 1
microcode	: 0x17
cpu MHz		: 1798.171
cache size	: 3072 KB
physical id	: 0
siblings	: 4
core id		: 1
cpu cores	: 2
apicid		: 3
initial apicid	: 3
fdiv_bug	: no
f00f_bug	: no
coma_bug	: no
fpu		: yes
fpu_exception	: yes
cpuid level	: 13
wp		: yes
flags		: fpu vme de pse tsc msr pae mce cx8 apic sep mtrr pge mca cmov pat pse36 clflush dts acpi mmx fxsr sse sse2 ss ht tm pbe nx pdpe1gb rdtscp lm constant_tsc arch_perfmon pebs bts xtopology nonstop_tsc aperfmperf eagerfpu pni pclmulqdq dtes64 monitor ds_cpl vmx est tm2 ssse3 fma cx16 xtpr pdcm pcid sse4_1 sse4_2 x2apic movbe popcnt tsc_deadline_timer aes xsave avx f16c rdrand lahf_lm abm arat epb pln pts dtherm tpr_shadow vnmi flexpriority ept vpid fsgsbase tsc_adjust bmi1 avx2 smep bmi2 erms invpcid xsaveopt
bugs		:
bogomips	: 3791.10
clflush size	: 64
cache_alignment	: 64
address sizes	: 39 bits physical, 48 bits virtual
power management:



Memory: 4k page, physical 4028792k(294760k free), swap 0k(0k free)

vm_info: Java HotSpot(TM) Server VM (25.66-b17) for linux-x86 JRE (1.8.0_66-b17), built on Oct  6 2015 18:06:03 by "java_re" with gcc 4.3.0 20080428 (Red Hat 4.3.0-8)

time: Fri Jun 10 09:30:01 2016
elapsed time: 28 seconds (0d 0h 0m 28s)

